<?xml version="1.0" encoding="UTF-8"?>
<testng-results ignored="0" total="7" passed="7" failed="0" skipped="0">
  <reporter-output>
  </reporter-output>
  <suite started-at="2025-03-26T09:45:15 IST" name="CucumberSuite" finished-at="2025-03-26T09:48:34 IST" duration-ms="199197">
    <groups>
      <group name="cucumber">
        <method signature="AbstractTestNGCucumberTests.runScenario(io.cucumber.testng.PickleWrapper,io.cucumber.testng.FeatureWrapper)[pri:0, instance:com.tastyNibbles.testrunner.AddToCartNG@1fb19a0]" name="runScenario" class="io.cucumber.testng.AbstractTestNGCucumberTests"/>
        <method signature="AbstractTestNGCucumberTests.runScenario(io.cucumber.testng.PickleWrapper,io.cucumber.testng.FeatureWrapper)[pri:0, instance:com.tastyNibbles.testrunner.AddingMultipleProductsNG@5a5338df]" name="runScenario" class="io.cucumber.testng.AbstractTestNGCucumberTests"/>
        <method signature="AbstractTestNGCucumberTests.runScenario(io.cucumber.testng.PickleWrapper,io.cucumber.testng.FeatureWrapper)[pri:0, instance:com.tastyNibbles.testrunner.LogOutNG@418c5a9c]" name="runScenario" class="io.cucumber.testng.AbstractTestNGCucumberTests"/>
        <method signature="AbstractTestNGCucumberTests.runScenario(io.cucumber.testng.PickleWrapper,io.cucumber.testng.FeatureWrapper)[pri:0, instance:com.tastyNibbles.testrunner.LoginPageNG@6ee4d9ab]" name="runScenario" class="io.cucumber.testng.AbstractTestNGCucumberTests"/>
        <method signature="AbstractTestNGCucumberTests.runScenario(io.cucumber.testng.PickleWrapper,io.cucumber.testng.FeatureWrapper)[pri:0, instance:com.tastyNibbles.testrunner.RegistrationNG@73a8da0f]" name="runScenario" class="io.cucumber.testng.AbstractTestNGCucumberTests"/>
      </group> <!-- cucumber -->
    </groups>
    <test started-at="2025-03-26T09:45:15 IST" name="CucumberTests" finished-at="2025-03-26T09:48:34 IST" duration-ms="199197">
      <class name="com.tastyNibbles.testrunner.AddingMultipleProductsNG">
        <test-method is-config="true" signature="setUpClass(org.testng.ITestContext)[pri:0, instance:com.tastyNibbles.testrunner.AddingMultipleProductsNG@5a5338df]" started-at="2025-03-26T09:47:17 IST" name="setUpClass" finished-at="2025-03-26T09:47:17 IST" duration-ms="14" status="PASS">
          <params>
            <param index="0">
              <value>
                <![CDATA[org.testng.TestRunner@46c61d1]]>
              </value>
            </param>
          </params>
          <reporter-output>
          </reporter-output>
        </test-method> <!-- setUpClass -->
        <test-method signature="runScenario(io.cucumber.testng.PickleWrapper,io.cucumber.testng.FeatureWrapper)[pri:0, instance:com.tastyNibbles.testrunner.AddingMultipleProductsNG@5a5338df]" started-at="2025-03-26T09:47:17 IST" name="runScenario" description="Runs Cucumber Scenarios" data-provider="scenarios" finished-at="2025-03-26T09:48:11 IST" duration-ms="53827" status="PASS">
          <params>
            <param index="0">
              <value>
                <![CDATA["User Adding two products and verifying cart summary"]]>
              </value>
            </param>
            <param index="1">
              <value>
                <![CDATA["Unknown"]]>
              </value>
            </param>
          </params>
          <reporter-output>
          </reporter-output>
        </test-method> <!-- runScenario -->
        <test-method is-config="true" signature="tearDownClass()[pri:0, instance:com.tastyNibbles.testrunner.AddingMultipleProductsNG@5a5338df]" started-at="2025-03-26T09:48:11 IST" name="tearDownClass" finished-at="2025-03-26T09:48:11 IST" duration-ms="23" status="PASS">
          <reporter-output>
          </reporter-output>
        </test-method> <!-- tearDownClass -->
      </class> <!-- com.tastyNibbles.testrunner.AddingMultipleProductsNG -->
      <class name="com.tastyNibbles.testrunner.LogOutNG">
        <test-method is-config="true" signature="setUpClass(org.testng.ITestContext)[pri:0, instance:com.tastyNibbles.testrunner.LogOutNG@418c5a9c]" started-at="2025-03-26T09:48:11 IST" name="setUpClass" finished-at="2025-03-26T09:48:11 IST" duration-ms="14" status="PASS">
          <params>
            <param index="0">
              <value>
                <![CDATA[org.testng.TestRunner@46c61d1]]>
              </value>
            </param>
          </params>
          <reporter-output>
          </reporter-output>
        </test-method> <!-- setUpClass -->
        <test-method signature="runScenario(io.cucumber.testng.PickleWrapper,io.cucumber.testng.FeatureWrapper)[pri:0, instance:com.tastyNibbles.testrunner.LogOutNG@418c5a9c]" started-at="2025-03-26T09:48:11 IST" name="runScenario" description="Runs Cucumber Scenarios" data-provider="scenarios" finished-at="2025-03-26T09:48:34 IST" duration-ms="22561" status="PASS">
          <params>
            <param index="0">
              <value>
                <![CDATA["Successful Logout and Session Verification"]]>
              </value>
            </param>
            <param index="1">
              <value>
                <![CDATA["User LogOut"]]>
              </value>
            </param>
          </params>
          <reporter-output>
          </reporter-output>
        </test-method> <!-- runScenario -->
        <test-method is-config="true" signature="tearDownClass()[pri:0, instance:com.tastyNibbles.testrunner.LogOutNG@418c5a9c]" started-at="2025-03-26T09:48:34 IST" name="tearDownClass" finished-at="2025-03-26T09:48:34 IST" duration-ms="22" status="PASS">
          <reporter-output>
          </reporter-output>
        </test-method> <!-- tearDownClass -->
      </class> <!-- com.tastyNibbles.testrunner.LogOutNG -->
      <class name="com.tastyNibbles.testrunner.LoginPageNG">
        <test-method is-config="true" signature="setUpClass(org.testng.ITestContext)[pri:0, instance:com.tastyNibbles.testrunner.LoginPageNG@6ee4d9ab]" started-at="2025-03-26T09:46:46 IST" name="setUpClass" finished-at="2025-03-26T09:46:46 IST" duration-ms="28" status="PASS">
          <params>
            <param index="0">
              <value>
                <![CDATA[org.testng.TestRunner@46c61d1]]>
              </value>
            </param>
          </params>
          <reporter-output>
          </reporter-output>
        </test-method> <!-- setUpClass -->
        <test-method signature="runScenario(io.cucumber.testng.PickleWrapper,io.cucumber.testng.FeatureWrapper)[pri:0, instance:com.tastyNibbles.testrunner.LoginPageNG@6ee4d9ab]" started-at="2025-03-26T09:46:46 IST" name="runScenario" description="Runs Cucumber Scenarios" data-provider="scenarios" finished-at="2025-03-26T09:46:58 IST" duration-ms="12265" status="PASS">
          <params>
            <param index="0">
              <value>
                <![CDATA["User Login with invalid credentials"]]>
              </value>
            </param>
            <param index="1">
              <value>
                <![CDATA["User Login with valid and invalid credentials"]]>
              </value>
            </param>
          </params>
          <reporter-output>
          </reporter-output>
        </test-method> <!-- runScenario -->
        <test-method signature="runScenario(io.cucumber.testng.PickleWrapper,io.cucumber.testng.FeatureWrapper)[pri:0, instance:com.tastyNibbles.testrunner.LoginPageNG@6ee4d9ab]" started-at="2025-03-26T09:46:58 IST" name="runScenario" description="Runs Cucumber Scenarios" data-provider="scenarios" finished-at="2025-03-26T09:47:17 IST" duration-ms="19338" status="PASS">
          <params>
            <param index="0">
              <value>
                <![CDATA["User Login with valid credentials"]]>
              </value>
            </param>
            <param index="1">
              <value>
                <![CDATA["User Login with valid and invalid credentials"]]>
              </value>
            </param>
          </params>
          <reporter-output>
          </reporter-output>
        </test-method> <!-- runScenario -->
        <test-method is-config="true" signature="tearDownClass()[pri:0, instance:com.tastyNibbles.testrunner.LoginPageNG@6ee4d9ab]" started-at="2025-03-26T09:47:17 IST" name="tearDownClass" finished-at="2025-03-26T09:47:17 IST" duration-ms="12" status="PASS">
          <reporter-output>
          </reporter-output>
        </test-method> <!-- tearDownClass -->
      </class> <!-- com.tastyNibbles.testrunner.LoginPageNG -->
      <class name="com.tastyNibbles.testrunner.RegistrationNG">
        <test-method is-config="true" signature="setUpClass(org.testng.ITestContext)[pri:0, instance:com.tastyNibbles.testrunner.RegistrationNG@73a8da0f]" started-at="2025-03-26T09:45:15 IST" name="setUpClass" finished-at="2025-03-26T09:45:15 IST" duration-ms="639" status="PASS">
          <params>
            <param index="0">
              <value>
                <![CDATA[org.testng.TestRunner@46c61d1]]>
              </value>
            </param>
          </params>
          <reporter-output>
          </reporter-output>
        </test-method> <!-- setUpClass -->
        <test-method signature="runScenario(io.cucumber.testng.PickleWrapper,io.cucumber.testng.FeatureWrapper)[pri:0, instance:com.tastyNibbles.testrunner.RegistrationNG@73a8da0f]" started-at="2025-03-26T09:45:15 IST" name="runScenario" description="Runs Cucumber Scenarios" data-provider="scenarios" finished-at="2025-03-26T09:45:37 IST" duration-ms="22179" status="PASS">
          <params>
            <param index="0">
              <value>
                <![CDATA["User Registration with Invalid Data"]]>
              </value>
            </param>
            <param index="1">
              <value>
                <![CDATA["User Registration"]]>
              </value>
            </param>
          </params>
          <reporter-output>
          </reporter-output>
        </test-method> <!-- runScenario -->
        <test-method signature="runScenario(io.cucumber.testng.PickleWrapper,io.cucumber.testng.FeatureWrapper)[pri:0, instance:com.tastyNibbles.testrunner.RegistrationNG@73a8da0f]" started-at="2025-03-26T09:45:38 IST" name="runScenario" description="Runs Cucumber Scenarios" data-provider="scenarios" finished-at="2025-03-26T09:46:06 IST" duration-ms="28116" status="PASS">
          <params>
            <param index="0">
              <value>
                <![CDATA["User Registration with Valid Data"]]>
              </value>
            </param>
            <param index="1">
              <value>
                <![CDATA["User Registration"]]>
              </value>
            </param>
          </params>
          <reporter-output>
          </reporter-output>
        </test-method> <!-- runScenario -->
        <test-method is-config="true" signature="tearDownClass()[pri:0, instance:com.tastyNibbles.testrunner.RegistrationNG@73a8da0f]" started-at="2025-03-26T09:46:06 IST" name="tearDownClass" finished-at="2025-03-26T09:46:06 IST" duration-ms="20" status="PASS">
          <reporter-output>
          </reporter-output>
        </test-method> <!-- tearDownClass -->
      </class> <!-- com.tastyNibbles.testrunner.RegistrationNG -->
      <class name="com.tastyNibbles.testrunner.AddToCartNG">
        <test-method is-config="true" signature="setUpClass(org.testng.ITestContext)[pri:0, instance:com.tastyNibbles.testrunner.AddToCartNG@1fb19a0]" started-at="2025-03-26T09:46:06 IST" name="setUpClass" finished-at="2025-03-26T09:46:06 IST" duration-ms="23" status="PASS">
          <params>
            <param index="0">
              <value>
                <![CDATA[org.testng.TestRunner@46c61d1]]>
              </value>
            </param>
          </params>
          <reporter-output>
          </reporter-output>
        </test-method> <!-- setUpClass -->
        <test-method signature="runScenario(io.cucumber.testng.PickleWrapper,io.cucumber.testng.FeatureWrapper)[pri:0, instance:com.tastyNibbles.testrunner.AddToCartNG@1fb19a0]" started-at="2025-03-26T09:46:06 IST" name="runScenario" description="Runs Cucumber Scenarios" data-provider="scenarios" finished-at="2025-03-26T09:46:46 IST" duration-ms="39918" status="PASS">
          <params>
            <param index="0">
              <value>
                <![CDATA[""]]>
              </value>
            </param>
            <param index="1">
              <value>
                <![CDATA["Unknown"]]>
              </value>
            </param>
          </params>
          <reporter-output>
          </reporter-output>
        </test-method> <!-- runScenario -->
        <test-method is-config="true" signature="tearDownClass()[pri:0, instance:com.tastyNibbles.testrunner.AddToCartNG@1fb19a0]" started-at="2025-03-26T09:46:46 IST" name="tearDownClass" finished-at="2025-03-26T09:46:46 IST" duration-ms="19" status="PASS">
          <reporter-output>
          </reporter-output>
        </test-method> <!-- tearDownClass -->
      </class> <!-- com.tastyNibbles.testrunner.AddToCartNG -->
    </test> <!-- CucumberTests -->
  </suite> <!-- CucumberSuite -->
</testng-results>
