<?xml version="1.0" encoding="UTF-8" ?>
<testsuite tests="7" failures="0" name="TestSuite" time="230.504" errors="0" skipped="0">
  <properties>
[...]
</properties>
  <testcase classname="com.tastyNibbles.testrunner.RegistrationNG" name="runScenario" time="27.561"/>
  <testcase classname="com.tastyNibbles.testrunner.RegistrationNG" name="runScenario" time="34.177"/>
  <testcase classname="com.tastyNibbles.testrunner.AddToCartNG" name="runScenario" time="40.445"/>
  <testcase classname="com.tastyNibbles.testrunner.LoginPageNG" name="runScenario" time="20.58"/>
  <testcase classname="com.tastyNibbles.testrunner.LoginPageNG" name="runScenario" time="21.563"/>
  <testcase classname="com.tastyNibbles.testrunner.AddingMultipleProductsNG" name="runScenario" time="61.85"/>
  <testcase classname="com.tastyNibbles.testrunner.LogOutNG" name="runScenario" time="20.708"/>
</testsuite>